<?xml version="1.0" encoding="UTF-8"?>
<!-- Generated by org.testng.reporters.JUnitReportReporter -->
<testsuite hostname="DESKTOP-5HBRUB1" failures="0" tests="5" name="RestAssuredExamples.CreateNewRecord_Post" time="0.086" errors="0" timestamp="2021-06-24T18:00:18 IST" skipped="0">
  <testcase classname="RestAssuredExamples.CreateNewRecord_Post" name="verifyStatusCode" time="0.003"/>
  <system-out/>
  <testcase classname="RestAssuredExamples.CreateNewRecord_Post" name="verifyStatusLine" time="0.005"/>
  <system-out/>
  <testcase classname="RestAssuredExamples.CreateNewRecord_Post" name="verifyContentType" time="0.005"/>
  <system-out/>
  <testcase classname="RestAssuredExamples.CreateNewRecord_Post" name="verifyStatusBody" time="0.053"/>
  <system-out/>
  <testcase classname="RestAssuredExamples.CreateNewRecord_Post" name="contentEncoding" time="0.020"/>
  <system-out/>
</testsuite> <!-- RestAssuredExamples.CreateNewRecord_Post -->
