<?xml version="1.0" encoding="UTF-8"?>
<!-- Generated by org.testng.reporters.JUnitReportReporter -->
<testsuite hostname="DESKTOP-5HBRUB1" failures="0" tests="1" name="Tc004_Get_AllHeaders" time="6.879" errors="0" timestamp="2021-06-23T14:35:32 IST" skipped="0">
  <testcase classname="Tc004_Get_AllHeaders" name="getAllHeaders" time="6.879"/>
  <system-out/>
</testsuite> <!-- Tc004_Get_AllHeaders -->
