<?xml version="1.0" encoding="UTF-8"?>
<!-- Generated by org.testng.reporters.JUnitReportReporter -->
<testsuite hostname="DESKTOP-5HBRUB1" failures="0" tests="5" name="RestAssuredExamples.ValidateSingleEmployeeData" time="0.009" errors="0" timestamp="2021-06-24T18:00:18 IST" skipped="0">
  <testcase classname="RestAssuredExamples.ValidateSingleEmployeeData" name="validateSatusCode" time="0.001"/>
  <system-out/>
  <testcase classname="RestAssuredExamples.ValidateSingleEmployeeData" name="validateSeverType" time="0.002"/>
  <system-out/>
  <testcase classname="RestAssuredExamples.ValidateSingleEmployeeData" name="validateResponseTime" time="0.002"/>
  <system-out/>
  <testcase classname="RestAssuredExamples.ValidateSingleEmployeeData" name="validateContentType" time="0.002"/>
  <system-out/>
  <testcase classname="RestAssuredExamples.ValidateSingleEmployeeData" name="validateStatusLine" time="0.002"/>
  <system-out/>
</testsuite> <!-- RestAssuredExamples.ValidateSingleEmployeeData -->
