<?xml version="1.0" encoding="UTF-8"?>
<!-- Generated by org.testng.reporters.JUnitReportReporter -->
<testsuite hostname="DESKTOP-5HBRUB1" failures="0" tests="4" name="RestAssuredExamples.ValidateEmployeeData" time="0.013" errors="0" timestamp="2021-06-24T18:00:18 IST" skipped="0">
  <testcase classname="RestAssuredExamples.ValidateEmployeeData" name="validateResponseBody" time="0.003"/>
  <system-out/>
  <testcase classname="RestAssuredExamples.ValidateEmployeeData" name="validateStausCode" time="0.003"/>
  <system-out/>
  <testcase classname="RestAssuredExamples.ValidateEmployeeData" name="validateStatusLine" time="0.004"/>
  <system-out/>
  <testcase classname="RestAssuredExamples.ValidateEmployeeData" name="validateContentTypeHeader" time="0.003"/>
  <system-out/>
</testsuite> <!-- RestAssuredExamples.ValidateEmployeeData -->
