<?xml version="1.0" encoding="UTF-8"?>
<!-- Generated by org.testng.reporters.JUnitReportReporter -->
<testsuite hostname="DESKTOP-5HBRUB1" failures="0" tests="1" name="Tc003_Get_HeaderValidatingRequest" time="7.915" errors="0" timestamp="2021-06-23T11:47:46 IST" skipped="0">
  <testcase classname="Tc003_Get_HeaderValidatingRequest" name="validateHeader" time="7.915"/>
  <system-out/>
</testsuite> <!-- Tc003_Get_HeaderValidatingRequest -->
