<?xml version="1.0" encoding="UTF-8"?>
<!-- Generated by org.testng.reporters.JUnitReportReporter -->
<testsuite hostname="DESKTOP-5HBRUB1" failures="0" tests="1" name="RestAssuredExamples.validateEmployeeData_Delete" time="0.006" errors="0" timestamp="2021-06-24T18:00:18 IST" skipped="0">
  <testcase classname="RestAssuredExamples.validateEmployeeData_Delete" name="validateStatusCode" time="0.006"/>
  <system-out/>
</testsuite> <!-- RestAssuredExamples.validateEmployeeData_Delete -->
