<?xml version="1.0" encoding="UTF-8"?>
<!-- Generated by org.testng.reporters.JUnitReportReporter -->
<testsuite hostname="DESKTOP-5HBRUB1" failures="0" tests="1" name="Tc005_Get_ValidateResponseBody" time="5.225" errors="0" timestamp="2021-06-23T14:56:06 IST" skipped="0">
  <testcase classname="Tc005_Get_ValidateResponseBody" name="responseBody" time="5.225"/>
  <system-out/>
</testsuite> <!-- Tc005_Get_ValidateResponseBody -->
