<?xml version="1.0" encoding="UTF-8"?>
<!-- Generated by org.testng.reporters.JUnitReportReporter -->
<testsuite hostname="DESKTOP-5HBRUB1" failures="0" tests="1" name="Tc001_Get_Request" time="4.978" errors="0" timestamp="2021-06-22T15:51:28 IST" skipped="0">
  <testcase classname="Tc001_Get_Request" name="getweatherDetails" time="4.978"/>
  <system-out/>
</testsuite> <!-- Tc001_Get_Request -->
