<?xml version="1.0" encoding="UTF-8"?>
<!-- Generated by org.testng.reporters.JUnitReportReporter -->
<testsuite hostname="DESKTOP-5HBRUB1" failures="0" tests="1" name="Tc005_Get_ExtractValueFromNode" time="6.420" errors="0" timestamp="2021-06-23T15:58:23 IST" skipped="0">
  <testcase classname="Tc005_Get_ExtractValueFromNode" name="ValidateNodeValue" time="6.420"/>
  <system-out/>
</testsuite> <!-- Tc005_Get_ExtractValueFromNode -->
