<?xml version="1.0" encoding="UTF-8"?>
<!-- Generated by org.testng.reporters.JUnitReportReporter -->
<testsuite hostname="DESKTOP-5HBRUB1" failures="0" tests="5" name="RestAssuredExamples.validateEmployeeData_Put" time="0.016" errors="0" timestamp="2021-06-24T18:00:18 IST" skipped="0">
  <testcase classname="RestAssuredExamples.validateEmployeeData_Put" name="verifyStatusLine" time="0.002"/>
  <system-out/>
  <testcase classname="RestAssuredExamples.validateEmployeeData_Put" name="verifyStatusBody" time="0.003"/>
  <system-out/>
  <testcase classname="RestAssuredExamples.validateEmployeeData_Put" name="verifyContentType" time="0.006"/>
  <system-out/>
  <testcase classname="RestAssuredExamples.validateEmployeeData_Put" name="contentEncoding" time="0.003"/>
  <system-out/>
  <testcase classname="RestAssuredExamples.validateEmployeeData_Put" name="verifyStatusCode" time="0.002"/>
  <system-out/>
</testsuite> <!-- RestAssuredExamples.validateEmployeeData_Put -->
